<?xml version="1.0" encoding="UTF-8"?>
<!-- Generated by org.testng.reporters.JUnitXMLReporter -->
<testsuite ignored="2" hostname="INVENGER-819" failures="0" tests="2" name="PersonalLoan" time="0.048" errors="0" timestamp="2024-04-04T11:20:06 IST">
  <testcase classname="test.day1" name="Demo" time="0.008"/>
  <testcase classname="test.day2" name="HomeLoanLogin" time="0.002"/>
  <testcase classname="test.day1" name="test1" time="0.0">
    <ignored/>
  </testcase> <!-- test1 -->
  <testcase classname="test.day1" name="Atest2" time="0.0">
    <ignored/>
  </testcase> <!-- Atest2 -->
</testsuite> <!-- PersonalLoan -->
