<?xml version="1.0" encoding="UTF-8"?>
<testng-results ignored="5" total="9" passed="3" failed="1" skipped="0">
  <reporter-output>
  </reporter-output>
  <suite started-at="2024-04-04T11:20:06 IST" name="Suite" finished-at="2024-04-04T11:20:06 IST" duration-ms="166">
    <groups>
      <group name="Smoke">
        <method signature="day1.Demo()[pri:0, instance:test.day1@71def8f8]" name="Demo" class="test.day1"/>
        <method signature="day2.HomeLoanLogin()[pri:0, instance:test.day2@73e22a3d]" name="HomeLoanLogin" class="test.day2"/>
      </group> <!-- Smoke -->
    </groups>
    <test started-at="2024-04-04T11:20:06 IST" name="PersonalLoan" finished-at="2024-04-04T11:20:06 IST" duration-ms="48">
      <class name="test.day2">
        <test-method is-config="true" signature="Beforetest()[pri:0, instance:test.day2@73e22a3d]" started-at="2024-04-04T11:20:06 IST" name="Beforetest" finished-at="2024-04-04T11:20:06 IST" duration-ms="0" status="PASS">
          <reporter-output>
          </reporter-output>
        </test-method> <!-- Beforetest -->
        <test-method signature="HomeLoanLogin()[pri:0, instance:test.day2@73e22a3d]" started-at="2024-04-04T11:20:06 IST" name="HomeLoanLogin" finished-at="2024-04-04T11:20:06 IST" duration-ms="2" status="PASS">
          <reporter-output>
          </reporter-output>
        </test-method> <!-- HomeLoanLogin -->
        <test-method is-config="true" signature="Aftertest()[pri:0, instance:test.day2@73e22a3d]" started-at="2024-04-04T11:20:06 IST" name="Aftertest" finished-at="2024-04-04T11:20:06 IST" duration-ms="1" status="PASS">
          <reporter-output>
          </reporter-output>
        </test-method> <!-- Aftertest -->
      </class> <!-- test.day2 -->
      <class name="test.day1">
        <test-method is-config="true" signature="Beforeclass()[pri:0, instance:test.day1@71def8f8]" started-at="2024-04-04T11:20:06 IST" name="Beforeclass" finished-at="2024-04-04T11:20:06 IST" duration-ms="1" status="PASS">
          <reporter-output>
          </reporter-output>
        </test-method> <!-- Beforeclass -->
        <test-method signature="Demo()[pri:0, instance:test.day1@71def8f8]" started-at="2024-04-04T11:20:06 IST" name="Demo" finished-at="2024-04-04T11:20:06 IST" duration-ms="8" status="PASS">
          <reporter-output>
          </reporter-output>
        </test-method> <!-- Demo -->
        <test-method is-config="true" signature="Afterclass()[pri:0, instance:test.day1@71def8f8]" started-at="2024-04-04T11:20:06 IST" name="Afterclass" finished-at="2024-04-04T11:20:06 IST" duration-ms="0" status="PASS">
          <reporter-output>
          </reporter-output>
        </test-method> <!-- Afterclass -->
      </class> <!-- test.day1 -->
    </test> <!-- PersonalLoan -->
    <test started-at="2024-04-04T11:20:06 IST" name="CarLoan" finished-at="2024-04-04T11:20:06 IST" duration-ms="25">
      <class name="test.day3">
        <test-method is-config="true" signature="Beforemethod()[pri:0, instance:test.day3@54a7079e]" started-at="2024-04-04T11:20:06 IST" name="Beforemethod" finished-at="2024-04-04T11:20:06 IST" duration-ms="1" status="PASS">
          <reporter-output>
          </reporter-output>
        </test-method> <!-- Beforemethod -->
        <test-method signature="APILogin()[pri:0, instance:test.day3@54a7079e]" started-at="2024-04-04T11:20:06 IST" name="APILogin" finished-at="2024-04-04T11:20:06 IST" duration-ms="2" status="PASS">
          <reporter-output>
          </reporter-output>
        </test-method> <!-- APILogin -->
        <test-method is-config="true" signature="Aftermethod()[pri:0, instance:test.day3@54a7079e]" started-at="2024-04-04T11:20:06 IST" name="Aftermethod" finished-at="2024-04-04T11:20:06 IST" duration-ms="0" status="PASS">
          <reporter-output>
          </reporter-output>
        </test-method> <!-- Aftermethod -->
        <test-method is-config="true" signature="Beforemethod()[pri:0, instance:test.day3@54a7079e]" started-at="2024-04-04T11:20:06 IST" name="Beforemethod" finished-at="2024-04-04T11:20:06 IST" duration-ms="0" status="PASS">
          <reporter-output>
          </reporter-output>
        </test-method> <!-- Beforemethod -->
        <test-method signature="WebLogin()[pri:0, instance:test.day3@54a7079e]" started-at="2024-04-04T11:20:06 IST" name="WebLogin" finished-at="2024-04-04T11:20:06 IST" duration-ms="11" status="FAIL">
          <exception class="java.lang.AssertionError">
            <message>
              <![CDATA[expected [true] but found [false]]]>
            </message>
            <full-stacktrace>
              <![CDATA[java.lang.AssertionError: expected [true] but found [false]
at org.testng.Assert.fail(Assert.java:99)
at org.testng.Assert.failNotEquals(Assert.java:1037)
at org.testng.Assert.assertTrue(Assert.java:45)
at org.testng.Assert.assertTrue(Assert.java:55)
at test.day3.WebLogin(day3.java:18)
at java.base/jdk.internal.reflect.NativeMethodAccessorImpl.invoke0(Native Method)
at java.base/jdk.internal.reflect.NativeMethodAccessorImpl.invoke(NativeMethodAccessorImpl.java:77)
at java.base/jdk.internal.reflect.DelegatingMethodAccessorImpl.invoke(DelegatingMethodAccessorImpl.java:43)
at java.base/java.lang.reflect.Method.invoke(Method.java:568)
at org.testng.internal.MethodInvocationHelper.invokeMethod(MethodInvocationHelper.java:133)
at org.testng.internal.InvokeMethodRunnable.runOne(InvokeMethodRunnable.java:45)
at org.testng.internal.InvokeMethodRunnable.call(InvokeMethodRunnable.java:73)
at org.testng.internal.InvokeMethodRunnable.call(InvokeMethodRunnable.java:11)
at java.base/java.util.concurrent.FutureTask.run(FutureTask.java:264)
at java.base/java.util.concurrent.ThreadPoolExecutor.runWorker(ThreadPoolExecutor.java:1136)
at java.base/java.util.concurrent.ThreadPoolExecutor$Worker.run(ThreadPoolExecutor.java:635)
at java.base/java.lang.Thread.run(Thread.java:840)
]]>
            </full-stacktrace>
          </exception> <!-- java.lang.AssertionError -->
          <reporter-output>
          </reporter-output>
        </test-method> <!-- WebLogin -->
        <test-method is-config="true" signature="Aftermethod()[pri:0, instance:test.day3@54a7079e]" started-at="2024-04-04T11:20:06 IST" name="Aftermethod" finished-at="2024-04-04T11:20:06 IST" duration-ms="1" status="PASS">
          <reporter-output>
          </reporter-output>
        </test-method> <!-- Aftermethod -->
      </class> <!-- test.day3 -->
      <class name="test.day1">
        <test-method is-config="true" signature="Beforesuite()[pri:0, instance:test.day1@71def8f8]" started-at="2024-04-04T11:20:06 IST" name="Beforesuite" finished-at="2024-04-04T11:20:06 IST" duration-ms="8" status="PASS">
          <reporter-output>
          </reporter-output>
        </test-method> <!-- Beforesuite -->
        <test-method is-config="true" signature="Aftersuite()[pri:0, instance:test.day1@71def8f8]" started-at="2024-04-04T11:20:06 IST" name="Aftersuite" finished-at="2024-04-04T11:20:06 IST" duration-ms="1" status="PASS">
          <reporter-output>
          </reporter-output>
        </test-method> <!-- Aftersuite -->
      </class> <!-- test.day1 -->
    </test> <!-- CarLoan -->
  </suite> <!-- Suite -->
</testng-results>
